[63.830852509] 2019-04-11 17:50:08,867 - INFO - launcher: Starting sanity checks
[63.830852509] 2019-04-11 17:50:08,867 - INFO - launcher: Checking for Python 3.5+
[64.827680588] 2019-04-11 17:50:08,868 - INFO - launcher: Checking console encoding
[64.827680588] 2019-04-11 17:50:08,868 - INFO - launcher: Setting console encoding to UTF-8
[64.827680588] 2019-04-11 17:50:08,868 - INFO - launcher: Ensuring we're in the right environment
[67.819356918] 2019-04-11 17:50:08,871 - INFO - launcher: Adding local bins/ folder to path
[860.698461533] 2019-04-11 17:50:09,664 - INFO - launcher: Required checks passed.
[861.696243286] 2019-04-11 17:50:09,665 - INFO - launcher: Optional checks passed.
[861.696243286] 2019-04-11 17:50:09,665 - INFO - launcher: Moving old musicbot log

######################### PRE-RUN SANITY CHECKS PASSED #########################

[1.5957319736480713] 2019-04-11 17:50:10,399 - WARNING - musicbot.config | In config.py::MainThread(19132), line 116 in run_checks: i18n file does not exist. Trying to fallback to config/i18n/en.json.
[1.5957319736480713] 2019-04-11 17:50:10,399 - INFO - musicbot.config | In config.py::MainThread(19132), line 127 in run_checks: Using i18n: config/i18n/en.json
[1.5987246036529541] 2019-04-11 17:50:10,402 - DEBUG - musicbot.bot | In bot.py::MainThread(19132), line 226 in _setup_logging: Set logging level to INFO
[1.6017160415649414] 2019-04-11 17:50:10,405 - DEBUG - musicbot.json | In json.py::MainThread(19132), line 8 in __init__: Init JSON obj with config/i18n/en.json
[1.6316349506378174] 2019-04-11 17:50:10,435 - INFO - musicbot.bot | In bot.py::MainThread(19132), line 91 in __init__: Starting MusicBot 1.9.8_4
[1.6326322555541992] 2019-04-11 17:50:10,436 - INFO - musicbot.bot | In bot.py::MainThread(19132), line 97 in __init__: Loaded autoplaylist with 2531 entries
[5.6279468536376953] 2019-04-11 17:50:14,431 - DEBUG - musicbot.bot | In bot.py::MainThread(19132), line 922 in on_ready: Connection established, ready to go.
[5.6279468536376953] 2019-04-11 17:50:14,431 - DEBUG - musicbot.bot | In bot.py::MainThread(19132), line 340 in _cache_app_info: Caching app info
[5.8014831542968750] 2019-04-11 17:50:14,604 - DEBUG - musicbot.bot | In bot.py::MainThread(19132), line 744 in _scheck_ensure_env: Ensuring data folders exist
[5.8024790287017822] 2019-04-11 17:50:14,605 - DEBUG - musicbot.bot | In bot.py::MainThread(19132), line 760 in _scheck_server_permissions: Checking server permissions
[5.8024790287017822] 2019-04-11 17:50:14,605 - DEBUG - musicbot.bot | In bot.py::MainThread(19132), line 764 in _scheck_autoplaylist: Auditing autoplaylist
[5.8024790287017822] 2019-04-11 17:50:14,605 - DEBUG - musicbot.bot | In bot.py::MainThread(19132), line 768 in _scheck_configs: Validating config
[5.8024790287017822] 2019-04-11 17:50:14,605 - DEBUG - musicbot.config | In config.py::MainThread(19132), line 217 in async_validate: Validating options...
[5.8024790287017822] 2019-04-11 17:50:14,605 - DEBUG - musicbot.bot | In bot.py::MainThread(19132), line 771 in _scheck_configs: Validating permissions config
[5.8024790287017822] 2019-04-11 17:50:14,605 - DEBUG - musicbot.permissions | In permissions.py::MainThread(19132), line 94 in async_validate: Validating permissions...
[5.8024790287017822] 2019-04-11 17:50:14,605 - INFO - musicbot.bot | In bot.py::MainThread(19132), line 939 in on_ready: Connected: 565918719000313859/Jobu#3600
[5.8034791946411133] 2019-04-11 17:50:14,606 - INFO - musicbot.bot | In bot.py::MainThread(19132), line 947 in on_ready: Owner:     299975914312171521/Stretched default#9469

[5.8034791946411133] 2019-04-11 17:50:14,606 - INFO - musicbot.bot | In bot.py::MainThread(19132), line 950 in on_ready: Guild List:
[5.8044762611389160] 2019-04-11 17:50:14,607 - INFO - musicbot.bot | In bot.py::MainThread(19132), line 954 in on_ready:  - suitsu salk
[5.8054728507995605] 2019-04-11 17:50:14,608 - INFO - musicbot.bot | In bot.py::MainThread(19132), line 1010 in on_ready: Not bound to any text channels
[5.8054728507995605] 2019-04-11 17:50:14,608 - INFO - musicbot.bot | In bot.py::MainThread(19132), line 1036 in on_ready: Not autojoining any voice channels
[5.8064711093902588] 2019-04-11 17:50:14,609 - INFO - musicbot.bot | In bot.py::MainThread(19132), line 270 in _join_startup_channels: Found owner in "Gangsterid Ainult"
[5.8064711093902588] 2019-04-11 17:50:14,609 - INFO - musicbot.bot | In bot.py::MainThread(19132), line 279 in _join_startup_channels: Attempting to join suitsu salk/Gangsterid Ainult
[6.4397759437561035] 2019-04-11 17:50:15,243 - DEBUG - musicbot.bot | In bot.py::MainThread(19132), line 704 in deserialize_queue: Deserializing queue for 552915451714469908
[6.6339182853698730] 2019-04-11 17:50:15,437 - DEBUG - musicbot.bot | In bot.py::MainThread(19132), line 423 in get_player: Created player via deserialization for guild 552915451714469908 with 2 entries
[6.6339182853698730] 2019-04-11 17:50:15,437 - INFO - musicbot.bot | In bot.py::MainThread(19132), line 295 in _join_startup_channels: Joined suitsu salk/Gangsterid Ainult
[6.6349148750305176] 2019-04-11 17:50:15,438 - DEBUG - musicbot.entry | In entry.py::MainThread(19132), line 56 in get_ready_future: Created future for None
[6.6359126567840576] 2019-04-11 17:50:15,439 - DEBUG - musicbot.entry | In entry.py::MainThread(19132), line 56 in get_ready_future: Created future for audio_cache\youtube-1FhRhzAWzLA-Sam_Hunt_-_House_Party.webm
[6.6359126567840576] 2019-04-11 17:50:15,439 - FFMPEG - musicbot.player | In player.py::MainThread(19132), line 273 in _play: Creating player with options: -nostdin -vn audio_cache\youtube-1FhRhzAWzLA-Sam_Hunt_-_House_Party.webm
[6.7960741519927979] 2019-04-11 17:50:15,599 - DEBUG - musicbot.player | In player.py::MainThread(19132), line 284 in _play: Playing <discord.player.PCMVolumeTransformer object at 0x05CB69D0> using <discord.voice_client.VoiceClient object at 0x0582D4B0>
[6.7980682849884033] 2019-04-11 17:50:15,601 - INFO - musicbot.entry | In entry.py::MainThread(19132), line 207 in _download: Download cached: https://www.youtube.com/watch?v=p03TIGqEc8o
[6.7980682849884033] 2019-04-11 17:50:15,601 - DEBUG - musicbot.bot | In bot.py::MainThread(19132), line 458 in on_player_play: Running on_player_play
[6.7990660667419434] 2019-04-11 17:50:15,602 - DEBUG - musicbot.bot | In bot.py::MainThread(19132), line 680 in serialize_queue: Serializing queue for 552915451714469908
